<?xml version="1.0" encoding="UTF-8"?>
<testng-results ignored="0" total="1" passed="1" failed="0" skipped="0">
  <reporter-output>
  </reporter-output>
  <suite started-at="2024-04-10T09:37:06 COT" name="Default suite" finished-at="2024-04-10T09:37:21 COT" duration-ms="15276">
    <groups>
    </groups>
    <test started-at="2024-04-10T09:37:06 COT" name="Default test" finished-at="2024-04-10T09:37:21 COT" duration-ms="15276">
      <class name="test.Runner">
        <test-method is-config="true" signature="beforeClass()[pri:0, instance:test.Runner@1a4013]" started-at="2024-04-10T09:37:06 COT" name="beforeClass" finished-at="2024-04-10T09:37:08 COT" duration-ms="2667" status="PASS">
          <reporter-output>
          </reporter-output>
        </test-method> <!-- beforeClass -->
        <test-method signature="buscarProductoML(java.lang.String, java.lang.String)[pri:0, instance:test.Runner@1a4013]" started-at="2024-04-10T09:37:09 COT" name="buscarProductoML" data-provider="ListaProductos" finished-at="2024-04-10T09:37:21 COT" duration-ms="11562" status="PASS">
          <params>
            <param index="0">
              <value>
                <![CDATA[celular]]>
              </value>
            </param>
            <param index="1">
              <value>
                <![CDATA[andrea@gmail.com]]>
              </value>
            </param>
          </params>
          <reporter-output>
          </reporter-output>
        </test-method> <!-- buscarProductoML -->
        <test-method is-config="true" signature="afterClass()[pri:0, instance:test.Runner@1a4013]" started-at="2024-04-10T09:37:21 COT" name="afterClass" finished-at="2024-04-10T09:37:21 COT" duration-ms="136" status="PASS">
          <reporter-output>
          </reporter-output>
        </test-method> <!-- afterClass -->
      </class> <!-- test.Runner -->
    </test> <!-- Default test -->
  </suite> <!-- Default suite -->
</testng-results>
